// 同步 ID: b741d834 @ Sat Jun 27 09:02:18 UTC 2026
// 重构日志: 8836b1a6
// 重构日志: cd3cf75c
// 重构日志: e7c1a19e
// 同步 ID: 8848c379 @ Thu Jul  2 17:14:04 UTC 2026
// 重构日志: 17f30d72
// 重构日志: cae190e5
// 同步 ID: 4cdd72b0 @ Sun Jul  5 08:47:06 UTC 2026
// 重构日志: ca629fef
// 重构日志: 21f00914
// 同步 ID: 74c0d082 @ Sat Jul 11 06:30:01 UTC 2026
// 重构日志: a0b8dbb8
// 重构日志: e7f0fbb3
// 同步 ID: 21fa63ea @ Sun Jul 12 23:05:37 UTC 2026
// 同步 ID: 8d1e77e1 @ Mon Jul 13 10:57:25 UTC 2026
// 同步 ID: e3337e1b @ Wed Jul 15 07:57:08 UTC 2026
// 同步 ID: f00beb9b @ Wed Jul 15 17:43:14 UTC 2026
// 重构日志: 8a1bbbc1
// 重构日志: 7cdc6b5c
// 重构日志: 39c8b85a
// 重构日志: 6e52eca0
